2020-02-23 10:26:07.199  INFO 1276 --- [main] c.d.m.server.ServerApplication           : Starting ServerApplication on DESKTOP-HNC4NO4 with PID 1276 (C:\workspace\fexco\fexco-multiprotocol-api-demo\server\target\classes started by ignac in C:\workspace\fexco\fexco-multiprotocol-api-demo\server)
2020-02-23 10:26:07.211  INFO 1276 --- [main] c.d.m.server.ServerApplication           : No active profile set, falling back to default profiles: default
2020-02-23 10:26:08.295  INFO 1276 --- [main] .s.d.r.c.RepositoryConfigurationDelegate : Bootstrapping Spring Data JPA repositories in DEFAULT mode.
2020-02-23 10:26:08.401  INFO 1276 --- [main] .s.d.r.c.RepositoryConfigurationDelegate : Finished Spring Data repository scanning in 91ms. Found 1 JPA repository interfaces.
2020-02-23 10:26:08.939  INFO 1276 --- [main] trationDelegate$BeanPostProcessorChecker : Bean 'org.springframework.transaction.annotation.ProxyTransactionManagementConfiguration' of type [org.springframework.transaction.annotation.ProxyTransactionManagementConfiguration] is not eligible for getting processed by all BeanPostProcessors (for example: not eligible for auto-proxying)
2020-02-23 10:26:09.644  INFO 1276 --- [main] o.s.b.w.embedded.tomcat.TomcatWebServer  : Tomcat initialized with port(s): 8080 (http)
2020-02-23 10:26:09.662  INFO 1276 --- [main] o.apache.catalina.core.StandardService   : Starting service [Tomcat]
2020-02-23 10:26:09.662  INFO 1276 --- [main] org.apache.catalina.core.StandardEngine  : Starting Servlet engine: [Apache Tomcat/9.0.30]
2020-02-23 10:26:09.808  INFO 1276 --- [main] o.a.c.c.C.[Tomcat].[localhost].[/]       : Initializing Spring embedded WebApplicationContext
2020-02-23 10:26:09.808  INFO 1276 --- [main] o.s.web.context.ContextLoader            : Root WebApplicationContext: initialization completed in 2520 ms
2020-02-23 10:26:10.070  INFO 1276 --- [main] com.zaxxer.hikari.HikariDataSource       : HikariPool-1 - Starting...
2020-02-23 10:26:10.367  INFO 1276 --- [main] com.zaxxer.hikari.HikariDataSource       : HikariPool-1 - Start completed.
2020-02-23 10:26:10.450  INFO 1276 --- [main] o.hibernate.jpa.internal.util.LogHelper  : HHH000204: Processing PersistenceUnitInfo [name: default]
2020-02-23 10:26:10.593  INFO 1276 --- [main] org.hibernate.Version                    : HHH000412: Hibernate Core {5.4.10.Final}
2020-02-23 10:26:10.834  INFO 1276 --- [main] o.hibernate.annotations.common.Version   : HCANN000001: Hibernate Commons Annotations {5.1.0.Final}
2020-02-23 10:26:11.040  INFO 1276 --- [main] org.hibernate.dialect.Dialect            : HHH000400: Using dialect: org.hibernate.dialect.H2Dialect
2020-02-23 10:26:12.122  INFO 1276 --- [main] o.h.e.t.j.p.i.JtaPlatformInitiator       : HHH000490: Using JtaPlatform implementation: [org.hibernate.engine.transaction.jta.platform.internal.NoJtaPlatform]
2020-02-23 10:26:12.131  INFO 1276 --- [main] j.LocalContainerEntityManagerFactoryBean : Initialized JPA EntityManagerFactory for persistence unit 'default'
2020-02-23 10:26:12.654  WARN 1276 --- [main] JpaBaseConfiguration$JpaWebConfiguration : spring.jpa.open-in-view is enabled by default. Therefore, database queries may be performed during view rendering. Explicitly configure spring.jpa.open-in-view to disable this warning
2020-02-23 10:26:12.828  INFO 1276 --- [main] o.s.s.concurrent.ThreadPoolTaskExecutor  : Initializing ExecutorService 'applicationTaskExecutor'
2020-02-23 10:26:13.268  INFO 1276 --- [main] o.s.a.r.c.CachingConnectionFactory       : Attempting to connect to: [localhost:5672]
2020-02-23 10:26:13.351  INFO 1276 --- [main] o.s.a.r.c.CachingConnectionFactory       : Created new connection: rabbitConnectionFactory#5d3f8661:0/SimpleConnection@5c1687d1 [delegate=amqp://guest@127.0.0.1:5672/, localPort= 49986]
2020-02-23 10:26:13.356  INFO 1276 --- [main] o.s.amqp.rabbit.core.RabbitAdmin         : Auto-declaring a non-durable, auto-delete, or exclusive Queue (car-dealer-queue) durable:false, auto-delete:false, exclusive:false. It will be redeclared if the broker stops and is restarted while the connection factory is alive, but all messages will be lost.
2020-02-23 10:26:13.857  INFO 1276 --- [main] o.s.b.w.embedded.tomcat.TomcatWebServer  : Tomcat started on port(s): 8080 (http) with context path ''
2020-02-23 10:26:13.860  INFO 1276 --- [main] c.d.m.server.ServerApplication           : Started ServerApplication in 7.282 seconds (JVM running for 8.231)
2020-02-23 10:42:45.609  INFO 1276 --- [http-nio-8080-exec-1] o.a.c.c.C.[Tomcat].[localhost].[/]       : Initializing Spring DispatcherServlet 'dispatcherServlet'
2020-02-23 10:42:45.610  INFO 1276 --- [http-nio-8080-exec-1] o.s.web.servlet.DispatcherServlet        : Initializing Servlet 'dispatcherServlet'
2020-02-23 10:42:45.620  INFO 1276 --- [http-nio-8080-exec-1] o.s.web.servlet.DispatcherServlet        : Completed initialization in 10 ms
2020-02-23 12:34:34.575  INFO 5136 --- [main] c.d.m.server.ServerApplication           : Starting ServerApplication on DESKTOP-HNC4NO4 with PID 5136 (C:\workspace\fexco\fexco-multiprotocol-api-demo\server\target\classes started by ignac in C:\workspace\fexco\fexco-multiprotocol-api-demo\server)
2020-02-23 12:34:34.580  INFO 5136 --- [main] c.d.m.server.ServerApplication           : No active profile set, falling back to default profiles: default
2020-02-23 12:34:35.538  INFO 5136 --- [main] .s.d.r.c.RepositoryConfigurationDelegate : Bootstrapping Spring Data JPA repositories in DEFAULT mode.
2020-02-23 12:34:35.656  INFO 5136 --- [main] .s.d.r.c.RepositoryConfigurationDelegate : Finished Spring Data repository scanning in 101ms. Found 1 JPA repository interfaces.
2020-02-23 12:34:36.206  INFO 5136 --- [main] trationDelegate$BeanPostProcessorChecker : Bean 'org.springframework.transaction.annotation.ProxyTransactionManagementConfiguration' of type [org.springframework.transaction.annotation.ProxyTransactionManagementConfiguration] is not eligible for getting processed by all BeanPostProcessors (for example: not eligible for auto-proxying)
2020-02-23 12:34:36.850  INFO 5136 --- [main] o.s.b.w.embedded.tomcat.TomcatWebServer  : Tomcat initialized with port(s): 8080 (http)
2020-02-23 12:34:36.864  INFO 5136 --- [main] o.apache.catalina.core.StandardService   : Starting service [Tomcat]
2020-02-23 12:34:36.865  INFO 5136 --- [main] org.apache.catalina.core.StandardEngine  : Starting Servlet engine: [Apache Tomcat/9.0.30]
2020-02-23 12:34:37.018  INFO 5136 --- [main] o.a.c.c.C.[Tomcat].[localhost].[/]       : Initializing Spring embedded WebApplicationContext
2020-02-23 12:34:37.019  INFO 5136 --- [main] o.s.web.context.ContextLoader            : Root WebApplicationContext: initialization completed in 2377 ms
2020-02-23 12:34:37.205  INFO 5136 --- [main] com.zaxxer.hikari.HikariDataSource       : HikariPool-1 - Starting...
2020-02-23 12:34:37.561  INFO 5136 --- [main] com.zaxxer.hikari.HikariDataSource       : HikariPool-1 - Start completed.
2020-02-23 12:34:37.642  INFO 5136 --- [main] o.hibernate.jpa.internal.util.LogHelper  : HHH000204: Processing PersistenceUnitInfo [name: default]
2020-02-23 12:34:37.744  INFO 5136 --- [main] org.hibernate.Version                    : HHH000412: Hibernate Core {5.4.10.Final}
2020-02-23 12:34:37.951  INFO 5136 --- [main] o.hibernate.annotations.common.Version   : HCANN000001: Hibernate Commons Annotations {5.1.0.Final}
2020-02-23 12:34:38.138  INFO 5136 --- [main] org.hibernate.dialect.Dialect            : HHH000400: Using dialect: org.hibernate.dialect.H2Dialect
2020-02-23 12:34:39.183  INFO 5136 --- [main] o.h.e.t.j.p.i.JtaPlatformInitiator       : HHH000490: Using JtaPlatform implementation: [org.hibernate.engine.transaction.jta.platform.internal.NoJtaPlatform]
2020-02-23 12:34:39.191  INFO 5136 --- [main] j.LocalContainerEntityManagerFactoryBean : Initialized JPA EntityManagerFactory for persistence unit 'default'
2020-02-23 12:34:39.671  WARN 5136 --- [main] JpaBaseConfiguration$JpaWebConfiguration : spring.jpa.open-in-view is enabled by default. Therefore, database queries may be performed during view rendering. Explicitly configure spring.jpa.open-in-view to disable this warning
2020-02-23 12:34:39.812  INFO 5136 --- [main] o.s.s.concurrent.ThreadPoolTaskExecutor  : Initializing ExecutorService 'applicationTaskExecutor'
2020-02-23 12:34:40.086  INFO 5136 --- [main] o.s.a.r.c.CachingConnectionFactory       : Attempting to connect to: [localhost:5672]
2020-02-23 12:34:40.223  INFO 5136 --- [main] o.s.a.r.c.CachingConnectionFactory       : Created new connection: rabbitConnectionFactory#6dbeaef8:0/SimpleConnection@5daa621b [delegate=amqp://guest@127.0.0.1:5672/, localPort= 63010]
2020-02-23 12:34:40.229  INFO 5136 --- [main] o.s.amqp.rabbit.core.RabbitAdmin         : Auto-declaring a non-durable, auto-delete, or exclusive Queue (car-dealer-queue) durable:false, auto-delete:false, exclusive:false. It will be redeclared if the broker stops and is restarted while the connection factory is alive, but all messages will be lost.
2020-02-23 12:34:40.533  INFO 5136 --- [main] o.s.b.w.embedded.tomcat.TomcatWebServer  : Tomcat started on port(s): 8080 (http) with context path ''
2020-02-23 12:34:40.536  INFO 5136 --- [main] c.d.m.server.ServerApplication           : Started ServerApplication in 6.495 seconds (JVM running for 7.209)
2020-02-23 12:35:29.760  INFO 5136 --- [http-nio-8080-exec-1] o.a.c.c.C.[Tomcat].[localhost].[/]       : Initializing Spring DispatcherServlet 'dispatcherServlet'
2020-02-23 12:35:29.760  INFO 5136 --- [http-nio-8080-exec-1] o.s.web.servlet.DispatcherServlet        : Initializing Servlet 'dispatcherServlet'
2020-02-23 12:35:29.774  INFO 5136 --- [http-nio-8080-exec-1] o.s.web.servlet.DispatcherServlet        : Completed initialization in 13 ms
2020-02-23 12:38:32.496  INFO 14928 --- [main] c.d.m.server.ServerApplication           : Starting ServerApplication on DESKTOP-HNC4NO4 with PID 14928 (C:\workspace\fexco\fexco-multiprotocol-api-demo\server\target\classes started by ignac in C:\workspace\fexco\fexco-multiprotocol-api-demo\server)
2020-02-23 12:38:32.500  INFO 14928 --- [main] c.d.m.server.ServerApplication           : No active profile set, falling back to default profiles: default
2020-02-23 12:38:33.446  INFO 14928 --- [main] .s.d.r.c.RepositoryConfigurationDelegate : Bootstrapping Spring Data JPA repositories in DEFAULT mode.
2020-02-23 12:38:33.560  INFO 14928 --- [main] .s.d.r.c.RepositoryConfigurationDelegate : Finished Spring Data repository scanning in 99ms. Found 1 JPA repository interfaces.
2020-02-23 12:38:34.050  INFO 14928 --- [main] trationDelegate$BeanPostProcessorChecker : Bean 'org.springframework.transaction.annotation.ProxyTransactionManagementConfiguration' of type [org.springframework.transaction.annotation.ProxyTransactionManagementConfiguration] is not eligible for getting processed by all BeanPostProcessors (for example: not eligible for auto-proxying)
2020-02-23 12:38:34.720  INFO 14928 --- [main] o.s.b.w.embedded.tomcat.TomcatWebServer  : Tomcat initialized with port(s): 8080 (http)
2020-02-23 12:38:34.736  INFO 14928 --- [main] o.apache.catalina.core.StandardService   : Starting service [Tomcat]
2020-02-23 12:38:34.736  INFO 14928 --- [main] org.apache.catalina.core.StandardEngine  : Starting Servlet engine: [Apache Tomcat/9.0.30]
2020-02-23 12:38:34.870  INFO 14928 --- [main] o.a.c.c.C.[Tomcat].[localhost].[/]       : Initializing Spring embedded WebApplicationContext
2020-02-23 12:38:34.871  INFO 14928 --- [main] o.s.web.context.ContextLoader            : Root WebApplicationContext: initialization completed in 2313 ms
2020-02-23 12:38:35.086  INFO 14928 --- [main] com.zaxxer.hikari.HikariDataSource       : HikariPool-1 - Starting...
2020-02-23 12:38:35.369  INFO 14928 --- [main] com.zaxxer.hikari.HikariDataSource       : HikariPool-1 - Start completed.
2020-02-23 12:38:35.449  INFO 14928 --- [main] o.hibernate.jpa.internal.util.LogHelper  : HHH000204: Processing PersistenceUnitInfo [name: default]
2020-02-23 12:38:35.563  INFO 14928 --- [main] org.hibernate.Version                    : HHH000412: Hibernate Core {5.4.10.Final}
2020-02-23 12:38:35.774  INFO 14928 --- [main] o.hibernate.annotations.common.Version   : HCANN000001: Hibernate Commons Annotations {5.1.0.Final}
2020-02-23 12:38:35.956  INFO 14928 --- [main] org.hibernate.dialect.Dialect            : HHH000400: Using dialect: org.hibernate.dialect.H2Dialect
2020-02-23 12:38:36.934  INFO 14928 --- [main] o.h.e.t.j.p.i.JtaPlatformInitiator       : HHH000490: Using JtaPlatform implementation: [org.hibernate.engine.transaction.jta.platform.internal.NoJtaPlatform]
2020-02-23 12:38:36.943  INFO 14928 --- [main] j.LocalContainerEntityManagerFactoryBean : Initialized JPA EntityManagerFactory for persistence unit 'default'
2020-02-23 12:38:37.468  WARN 14928 --- [main] JpaBaseConfiguration$JpaWebConfiguration : spring.jpa.open-in-view is enabled by default. Therefore, database queries may be performed during view rendering. Explicitly configure spring.jpa.open-in-view to disable this warning
2020-02-23 12:38:37.633  INFO 14928 --- [main] o.s.s.concurrent.ThreadPoolTaskExecutor  : Initializing ExecutorService 'applicationTaskExecutor'
2020-02-23 12:38:38.078  INFO 14928 --- [main] o.s.a.r.c.CachingConnectionFactory       : Attempting to connect to: [localhost:5672]
2020-02-23 12:38:38.168  INFO 14928 --- [main] o.s.a.r.c.CachingConnectionFactory       : Created new connection: rabbitConnectionFactory#6212ea52:0/SimpleConnection@746da54f [delegate=amqp://guest@127.0.0.1:5672/, localPort= 63185]
2020-02-23 12:38:38.173  INFO 14928 --- [main] o.s.amqp.rabbit.core.RabbitAdmin         : Auto-declaring a non-durable, auto-delete, or exclusive Queue (car-dealer-queue) durable:false, auto-delete:false, exclusive:false. It will be redeclared if the broker stops and is restarted while the connection factory is alive, but all messages will be lost.
2020-02-23 12:38:38.260  INFO 14928 --- [main] o.s.b.w.embedded.tomcat.TomcatWebServer  : Tomcat started on port(s): 8080 (http) with context path ''
2020-02-23 12:38:38.262  INFO 14928 --- [main] c.d.m.server.ServerApplication           : Started ServerApplication in 6.297 seconds (JVM running for 7.063)
2020-02-23 12:49:24.416  INFO 14928 --- [http-nio-8080-exec-2] o.a.c.c.C.[Tomcat].[localhost].[/]       : Initializing Spring DispatcherServlet 'dispatcherServlet'
2020-02-23 12:49:24.417  INFO 14928 --- [http-nio-8080-exec-2] o.s.web.servlet.DispatcherServlet        : Initializing Servlet 'dispatcherServlet'
2020-02-23 12:49:24.430  INFO 14928 --- [http-nio-8080-exec-2] o.s.web.servlet.DispatcherServlet        : Completed initialization in 13 ms
2020-02-23 13:21:17.897  INFO 11316 --- [main] c.d.m.server.ServerApplication           : Starting ServerApplication on DESKTOP-HNC4NO4 with PID 11316 (C:\workspace\fexco\fexco-multiprotocol-api-demo\server\target\classes started by ignac in C:\workspace\fexco\fexco-multiprotocol-api-demo\server)
2020-02-23 13:21:17.901  INFO 11316 --- [main] c.d.m.server.ServerApplication           : No active profile set, falling back to default profiles: default
2020-02-23 13:21:18.811  INFO 11316 --- [main] .s.d.r.c.RepositoryConfigurationDelegate : Bootstrapping Spring Data JPA repositories in DEFAULT mode.
2020-02-23 13:21:18.916  INFO 11316 --- [main] .s.d.r.c.RepositoryConfigurationDelegate : Finished Spring Data repository scanning in 91ms. Found 1 JPA repository interfaces.
2020-02-23 13:21:19.380  INFO 11316 --- [main] trationDelegate$BeanPostProcessorChecker : Bean 'org.springframework.transaction.annotation.ProxyTransactionManagementConfiguration' of type [org.springframework.transaction.annotation.ProxyTransactionManagementConfiguration] is not eligible for getting processed by all BeanPostProcessors (for example: not eligible for auto-proxying)
2020-02-23 13:21:20.043  INFO 11316 --- [main] o.s.b.w.embedded.tomcat.TomcatWebServer  : Tomcat initialized with port(s): 8080 (http)
2020-02-23 13:21:20.060  INFO 11316 --- [main] o.apache.catalina.core.StandardService   : Starting service [Tomcat]
2020-02-23 13:21:20.061  INFO 11316 --- [main] org.apache.catalina.core.StandardEngine  : Starting Servlet engine: [Apache Tomcat/9.0.30]
2020-02-23 13:21:20.225  INFO 11316 --- [main] o.a.c.c.C.[Tomcat].[localhost].[/]       : Initializing Spring embedded WebApplicationContext
2020-02-23 13:21:20.226  INFO 11316 --- [main] o.s.web.context.ContextLoader            : Root WebApplicationContext: initialization completed in 2266 ms
2020-02-23 13:21:20.502  INFO 11316 --- [main] com.zaxxer.hikari.HikariDataSource       : HikariPool-1 - Starting...
2020-02-23 13:21:20.782  INFO 11316 --- [main] com.zaxxer.hikari.HikariDataSource       : HikariPool-1 - Start completed.
2020-02-23 13:21:20.853  INFO 11316 --- [main] o.hibernate.jpa.internal.util.LogHelper  : HHH000204: Processing PersistenceUnitInfo [name: default]
2020-02-23 13:21:20.972  INFO 11316 --- [main] org.hibernate.Version                    : HHH000412: Hibernate Core {5.4.10.Final}
2020-02-23 13:21:21.182  INFO 11316 --- [main] o.hibernate.annotations.common.Version   : HCANN000001: Hibernate Commons Annotations {5.1.0.Final}
2020-02-23 13:21:21.361  INFO 11316 --- [main] org.hibernate.dialect.Dialect            : HHH000400: Using dialect: org.hibernate.dialect.H2Dialect
2020-02-23 13:21:22.378  INFO 11316 --- [main] o.h.e.t.j.p.i.JtaPlatformInitiator       : HHH000490: Using JtaPlatform implementation: [org.hibernate.engine.transaction.jta.platform.internal.NoJtaPlatform]
2020-02-23 13:21:22.387  INFO 11316 --- [main] j.LocalContainerEntityManagerFactoryBean : Initialized JPA EntityManagerFactory for persistence unit 'default'
2020-02-23 13:21:22.898  WARN 11316 --- [main] JpaBaseConfiguration$JpaWebConfiguration : spring.jpa.open-in-view is enabled by default. Therefore, database queries may be performed during view rendering. Explicitly configure spring.jpa.open-in-view to disable this warning
2020-02-23 13:21:23.051  INFO 11316 --- [main] o.s.s.concurrent.ThreadPoolTaskExecutor  : Initializing ExecutorService 'applicationTaskExecutor'
2020-02-23 13:21:23.505  INFO 11316 --- [main] o.s.a.r.c.CachingConnectionFactory       : Attempting to connect to: [localhost:5672]
2020-02-23 13:21:23.617  INFO 11316 --- [main] o.s.a.r.c.CachingConnectionFactory       : Created new connection: rabbitConnectionFactory#11582db6:0/SimpleConnection@4136b193 [delegate=amqp://guest@127.0.0.1:5672/, localPort= 64802]
2020-02-23 13:21:23.623  INFO 11316 --- [main] o.s.amqp.rabbit.core.RabbitAdmin         : Auto-declaring a non-durable, auto-delete, or exclusive Queue (car-dealer-queue) durable:false, auto-delete:false, exclusive:false. It will be redeclared if the broker stops and is restarted while the connection factory is alive, but all messages will be lost.
2020-02-23 13:21:23.717  INFO 11316 --- [main] o.s.b.w.embedded.tomcat.TomcatWebServer  : Tomcat started on port(s): 8080 (http) with context path ''
2020-02-23 13:21:23.719  INFO 11316 --- [main] c.d.m.server.ServerApplication           : Started ServerApplication in 6.342 seconds (JVM running for 7.084)
2020-02-23 13:23:55.306  INFO 11316 --- [http-nio-8080-exec-1] o.a.c.c.C.[Tomcat].[localhost].[/]       : Initializing Spring DispatcherServlet 'dispatcherServlet'
2020-02-23 13:23:55.307  INFO 11316 --- [http-nio-8080-exec-1] o.s.web.servlet.DispatcherServlet        : Initializing Servlet 'dispatcherServlet'
2020-02-23 13:23:55.320  INFO 11316 --- [http-nio-8080-exec-1] o.s.web.servlet.DispatcherServlet        : Completed initialization in 13 ms
2020-02-23 13:41:20.533  INFO 5244 --- [main] c.d.m.server.ServerApplication           : Starting ServerApplication on DESKTOP-HNC4NO4 with PID 5244 (C:\workspace\fexco\fexco-multiprotocol-api-demo\server\target\classes started by ignac in C:\workspace\fexco\fexco-multiprotocol-api-demo\server)
2020-02-23 13:41:20.538  INFO 5244 --- [main] c.d.m.server.ServerApplication           : No active profile set, falling back to default profiles: default
2020-02-23 13:41:21.506  INFO 5244 --- [main] .s.d.r.c.RepositoryConfigurationDelegate : Bootstrapping Spring Data JPA repositories in DEFAULT mode.
2020-02-23 13:41:21.605  INFO 5244 --- [main] .s.d.r.c.RepositoryConfigurationDelegate : Finished Spring Data repository scanning in 84ms. Found 1 JPA repository interfaces.
2020-02-23 13:41:22.085  INFO 5244 --- [main] trationDelegate$BeanPostProcessorChecker : Bean 'org.springframework.transaction.annotation.ProxyTransactionManagementConfiguration' of type [org.springframework.transaction.annotation.ProxyTransactionManagementConfiguration] is not eligible for getting processed by all BeanPostProcessors (for example: not eligible for auto-proxying)
2020-02-23 13:41:22.773  INFO 5244 --- [main] o.s.b.w.embedded.tomcat.TomcatWebServer  : Tomcat initialized with port(s): 8080 (http)
2020-02-23 13:41:22.792  INFO 5244 --- [main] o.apache.catalina.core.StandardService   : Starting service [Tomcat]
2020-02-23 13:41:22.792  INFO 5244 --- [main] org.apache.catalina.core.StandardEngine  : Starting Servlet engine: [Apache Tomcat/9.0.30]
2020-02-23 13:41:22.932  INFO 5244 --- [main] o.a.c.c.C.[Tomcat].[localhost].[/]       : Initializing Spring embedded WebApplicationContext
2020-02-23 13:41:22.933  INFO 5244 --- [main] o.s.web.context.ContextLoader            : Root WebApplicationContext: initialization completed in 2338 ms
2020-02-23 13:41:23.175  INFO 5244 --- [main] com.zaxxer.hikari.HikariDataSource       : HikariPool-1 - Starting...
2020-02-23 13:41:23.466  INFO 5244 --- [main] com.zaxxer.hikari.HikariDataSource       : HikariPool-1 - Start completed.
2020-02-23 13:41:23.539  INFO 5244 --- [main] o.hibernate.jpa.internal.util.LogHelper  : HHH000204: Processing PersistenceUnitInfo [name: default]
2020-02-23 13:41:23.644  INFO 5244 --- [main] org.hibernate.Version                    : HHH000412: Hibernate Core {5.4.10.Final}
2020-02-23 13:41:23.803  INFO 5244 --- [main] o.hibernate.annotations.common.Version   : HCANN000001: Hibernate Commons Annotations {5.1.0.Final}
2020-02-23 13:41:23.943  INFO 5244 --- [main] org.hibernate.dialect.Dialect            : HHH000400: Using dialect: org.hibernate.dialect.H2Dialect
2020-02-23 13:41:24.888  INFO 5244 --- [main] o.h.e.t.j.p.i.JtaPlatformInitiator       : HHH000490: Using JtaPlatform implementation: [org.hibernate.engine.transaction.jta.platform.internal.NoJtaPlatform]
2020-02-23 13:41:24.898  INFO 5244 --- [main] j.LocalContainerEntityManagerFactoryBean : Initialized JPA EntityManagerFactory for persistence unit 'default'
2020-02-23 13:41:25.380  WARN 5244 --- [main] JpaBaseConfiguration$JpaWebConfiguration : spring.jpa.open-in-view is enabled by default. Therefore, database queries may be performed during view rendering. Explicitly configure spring.jpa.open-in-view to disable this warning
2020-02-23 13:41:25.525  INFO 5244 --- [main] o.s.s.concurrent.ThreadPoolTaskExecutor  : Initializing ExecutorService 'applicationTaskExecutor'
2020-02-23 13:41:25.910  INFO 5244 --- [main] o.s.a.r.c.CachingConnectionFactory       : Attempting to connect to: [localhost:5672]
2020-02-23 13:41:26.262  INFO 5244 --- [main] o.s.a.r.c.CachingConnectionFactory       : Created new connection: rabbitConnectionFactory#6edb1e9c:0/SimpleConnection@3539cf45 [delegate=amqp://guest@127.0.0.1:5672/, localPort= 49354]
2020-02-23 13:41:26.267  INFO 5244 --- [main] o.s.amqp.rabbit.core.RabbitAdmin         : Auto-declaring a non-durable, auto-delete, or exclusive Queue (car-dealer-queue) durable:false, auto-delete:false, exclusive:false. It will be redeclared if the broker stops and is restarted while the connection factory is alive, but all messages will be lost.
2020-02-23 13:41:26.388  INFO 5244 --- [main] o.s.b.w.embedded.tomcat.TomcatWebServer  : Tomcat started on port(s): 8080 (http) with context path ''
2020-02-23 13:41:26.390  INFO 5244 --- [main] c.d.m.server.ServerApplication           : Started ServerApplication in 6.399 seconds (JVM running for 7.123)
2020-02-23 13:41:36.290  INFO 5244 --- [http-nio-8080-exec-2] o.a.c.c.C.[Tomcat].[localhost].[/]       : Initializing Spring DispatcherServlet 'dispatcherServlet'
2020-02-23 13:41:36.290  INFO 5244 --- [http-nio-8080-exec-2] o.s.web.servlet.DispatcherServlet        : Initializing Servlet 'dispatcherServlet'
2020-02-23 13:41:36.298  INFO 5244 --- [http-nio-8080-exec-2] o.s.web.servlet.DispatcherServlet        : Completed initialization in 8 ms
2020-02-23 15:21:45.049  INFO 808 --- [main] c.d.m.server.ServerApplication           : Starting ServerApplication on DESKTOP-HNC4NO4 with PID 808 (C:\workspace\fexco\fexco-multiprotocol-api-demo\server\target\classes started by ignac in C:\workspace\fexco\fexco-multiprotocol-api-demo\server)
2020-02-23 15:21:45.052  INFO 808 --- [main] c.d.m.server.ServerApplication           : No active profile set, falling back to default profiles: default
2020-02-23 15:21:45.628  INFO 808 --- [main] .s.d.r.c.RepositoryConfigurationDelegate : Bootstrapping Spring Data JPA repositories in DEFAULT mode.
2020-02-23 15:21:45.700  INFO 808 --- [main] .s.d.r.c.RepositoryConfigurationDelegate : Finished Spring Data repository scanning in 61ms. Found 1 JPA repository interfaces.
2020-02-23 15:21:46.030  INFO 808 --- [main] trationDelegate$BeanPostProcessorChecker : Bean 'org.springframework.transaction.annotation.ProxyTransactionManagementConfiguration' of type [org.springframework.transaction.annotation.ProxyTransactionManagementConfiguration] is not eligible for getting processed by all BeanPostProcessors (for example: not eligible for auto-proxying)
2020-02-23 15:21:46.564  INFO 808 --- [main] o.s.b.w.embedded.tomcat.TomcatWebServer  : Tomcat initialized with port(s): 8080 (http)
2020-02-23 15:21:46.573  INFO 808 --- [main] o.apache.catalina.core.StandardService   : Starting service [Tomcat]
2020-02-23 15:21:46.573  INFO 808 --- [main] org.apache.catalina.core.StandardEngine  : Starting Servlet engine: [Apache Tomcat/9.0.30]
2020-02-23 15:21:46.667  INFO 808 --- [main] o.a.c.c.C.[Tomcat].[localhost].[/]       : Initializing Spring embedded WebApplicationContext
2020-02-23 15:21:46.667  INFO 808 --- [main] o.s.web.context.ContextLoader            : Root WebApplicationContext: initialization completed in 1571 ms
2020-02-23 15:21:46.795  INFO 808 --- [main] com.zaxxer.hikari.HikariDataSource       : HikariPool-1 - Starting...
2020-02-23 15:21:47.014  INFO 808 --- [main] com.zaxxer.hikari.HikariDataSource       : HikariPool-1 - Start completed.
2020-02-23 15:21:47.066  INFO 808 --- [main] o.hibernate.jpa.internal.util.LogHelper  : HHH000204: Processing PersistenceUnitInfo [name: default]
2020-02-23 15:21:47.134  INFO 808 --- [main] org.hibernate.Version                    : HHH000412: Hibernate Core {5.4.10.Final}
2020-02-23 15:21:47.259  INFO 808 --- [main] o.hibernate.annotations.common.Version   : HCANN000001: Hibernate Commons Annotations {5.1.0.Final}
2020-02-23 15:21:47.364  INFO 808 --- [main] org.hibernate.dialect.Dialect            : HHH000400: Using dialect: org.hibernate.dialect.H2Dialect
2020-02-23 15:21:47.942  INFO 808 --- [main] o.h.e.t.j.p.i.JtaPlatformInitiator       : HHH000490: Using JtaPlatform implementation: [org.hibernate.engine.transaction.jta.platform.internal.NoJtaPlatform]
2020-02-23 15:21:47.948  INFO 808 --- [main] j.LocalContainerEntityManagerFactoryBean : Initialized JPA EntityManagerFactory for persistence unit 'default'
2020-02-23 15:21:48.317  WARN 808 --- [main] JpaBaseConfiguration$JpaWebConfiguration : spring.jpa.open-in-view is enabled by default. Therefore, database queries may be performed during view rendering. Explicitly configure spring.jpa.open-in-view to disable this warning
2020-02-23 15:21:48.429  INFO 808 --- [main] o.s.s.concurrent.ThreadPoolTaskExecutor  : Initializing ExecutorService 'applicationTaskExecutor'
2020-02-23 15:21:48.653  INFO 808 --- [main] o.s.a.r.c.CachingConnectionFactory       : Attempting to connect to: [localhost:5672]
2020-02-23 15:21:48.729  INFO 808 --- [main] o.s.a.r.c.CachingConnectionFactory       : Created new connection: rabbitConnectionFactory#740b9a50:0/SimpleConnection@cec590c [delegate=amqp://guest@127.0.0.1:5672/, localPort= 59763]
2020-02-23 15:21:48.733  INFO 808 --- [main] o.s.amqp.rabbit.core.RabbitAdmin         : Auto-declaring a non-durable, auto-delete, or exclusive Queue (car-dealer-queue) durable:false, auto-delete:false, exclusive:false. It will be redeclared if the broker stops and is restarted while the connection factory is alive, but all messages will be lost.
2020-02-23 15:21:48.884  INFO 808 --- [main] o.s.b.w.embedded.tomcat.TomcatWebServer  : Tomcat started on port(s): 8080 (http) with context path ''
2020-02-23 15:21:48.885  INFO 808 --- [main] c.d.m.server.ServerApplication           : Started ServerApplication in 4.18 seconds (JVM running for 4.61)
2020-02-23 15:24:44.544  INFO 1820 --- [main] d.m.s.a.a.RabbitAMQPMessageProducerTests : Starting RabbitAMQPMessageProducerTests on DESKTOP-HNC4NO4 with PID 1820 (started by ignac in C:\workspace\fexco\fexco-multiprotocol-api-demo\server)
2020-02-23 15:24:44.546  INFO 1820 --- [main] d.m.s.a.a.RabbitAMQPMessageProducerTests : No active profile set, falling back to default profiles: default
2020-02-23 15:24:45.226  INFO 1820 --- [main] .s.d.r.c.RepositoryConfigurationDelegate : Bootstrapping Spring Data JPA repositories in DEFAULT mode.
2020-02-23 15:24:45.300  INFO 1820 --- [main] .s.d.r.c.RepositoryConfigurationDelegate : Finished Spring Data repository scanning in 64ms. Found 1 JPA repository interfaces.
2020-02-23 15:24:45.683  INFO 1820 --- [main] trationDelegate$BeanPostProcessorChecker : Bean 'org.springframework.transaction.annotation.ProxyTransactionManagementConfiguration' of type [org.springframework.transaction.annotation.ProxyTransactionManagementConfiguration] is not eligible for getting processed by all BeanPostProcessors (for example: not eligible for auto-proxying)
2020-02-23 15:24:45.947  INFO 1820 --- [main] o.hibernate.jpa.internal.util.LogHelper  : HHH000204: Processing PersistenceUnitInfo [name: default]
2020-02-23 15:24:46.030  INFO 1820 --- [main] org.hibernate.Version                    : HHH000412: Hibernate Core {5.4.10.Final}
2020-02-23 15:24:46.177  INFO 1820 --- [main] o.hibernate.annotations.common.Version   : HCANN000001: Hibernate Commons Annotations {5.1.0.Final}
2020-02-23 15:24:46.577  INFO 1820 --- [main] com.zaxxer.hikari.HikariDataSource       : HikariPool-1 - Starting...
2020-02-23 15:24:46.773  INFO 1820 --- [main] com.zaxxer.hikari.HikariDataSource       : HikariPool-1 - Start completed.
2020-02-23 15:24:46.794  INFO 1820 --- [main] org.hibernate.dialect.Dialect            : HHH000400: Using dialect: org.hibernate.dialect.H2Dialect
2020-02-23 15:24:47.482  INFO 1820 --- [main] o.h.e.t.j.p.i.JtaPlatformInitiator       : HHH000490: Using JtaPlatform implementation: [org.hibernate.engine.transaction.jta.platform.internal.NoJtaPlatform]
2020-02-23 15:24:47.490  INFO 1820 --- [main] j.LocalContainerEntityManagerFactoryBean : Initialized JPA EntityManagerFactory for persistence unit 'default'
2020-02-23 15:24:48.220  WARN 1820 --- [main] JpaBaseConfiguration$JpaWebConfiguration : spring.jpa.open-in-view is enabled by default. Therefore, database queries may be performed during view rendering. Explicitly configure spring.jpa.open-in-view to disable this warning
2020-02-23 15:24:48.511  INFO 1820 --- [main] o.s.s.concurrent.ThreadPoolTaskExecutor  : Initializing ExecutorService 'applicationTaskExecutor'
2020-02-23 15:24:49.073  INFO 1820 --- [main] o.s.a.r.c.CachingConnectionFactory       : Attempting to connect to: [localhost:5672]
2020-02-23 15:24:49.151  INFO 1820 --- [main] o.s.a.r.c.CachingConnectionFactory       : Created new connection: rabbitConnectionFactory#720f56e2:0/SimpleConnection@3c544c9 [delegate=amqp://guest@127.0.0.1:5672/, localPort= 59871]
2020-02-23 15:24:49.156  INFO 1820 --- [main] o.s.amqp.rabbit.core.RabbitAdmin         : Auto-declaring a non-durable, auto-delete, or exclusive Queue (car-dealer-queue) durable:false, auto-delete:false, exclusive:false. It will be redeclared if the broker stops and is restarted while the connection factory is alive, but all messages will be lost.
2020-02-23 15:24:49.234  INFO 1820 --- [main] d.m.s.a.a.RabbitAMQPMessageProducerTests : Started RabbitAMQPMessageProducerTests in 4.943 seconds (JVM running for 5.937)
2020-02-23 15:24:49.308  INFO 1820 --- [main] c.d.m.server.api.amqp.Publisher          : Sending message: Test message Sun Feb 23 15:24:49 CET 2020
2020-02-23 15:24:49.315  INFO 1820 --- [container-1] c.d.m.server.api.amqp.Receiver           : Received the message: <Test message Sun Feb 23 15:24:49 CET 2020>
2020-02-23 15:24:49.330  INFO 1820 --- [main] .b.t.c.SpringBootTestContextBootstrapper : Neither @ContextConfiguration nor @ContextHierarchy found for test class [com.demo.multiprotocol.server.service.CarServiceTests], using SpringBootContextLoader
2020-02-23 15:24:49.331  INFO 1820 --- [main] o.s.t.c.support.AbstractContextLoader    : Could not detect default resource locations for test class [com.demo.multiprotocol.server.service.CarServiceTests]: no resource found for suffixes {-context.xml, Context.groovy}.
2020-02-23 15:24:49.332  INFO 1820 --- [main] t.c.s.AnnotationConfigContextLoaderUtils : Could not detect default configuration classes for test class [com.demo.multiprotocol.server.service.CarServiceTests]: CarServiceTests does not declare any static, non-private, non-final, nested classes annotated with @Configuration.
2020-02-23 15:24:49.342  INFO 1820 --- [main] .b.t.c.SpringBootTestContextBootstrapper : Found @SpringBootConfiguration com.demo.multiprotocol.server.ServerApplication for test class com.demo.multiprotocol.server.service.CarServiceTests
2020-02-23 15:24:49.344  INFO 1820 --- [main] .b.t.c.SpringBootTestContextBootstrapper : Loaded default TestExecutionListener class names from location [META-INF/spring.factories]: [org.springframework.boot.test.mock.mockito.MockitoTestExecutionListener, org.springframework.boot.test.mock.mockito.ResetMocksTestExecutionListener, org.springframework.boot.test.autoconfigure.restdocs.RestDocsTestExecutionListener, org.springframework.boot.test.autoconfigure.web.client.MockRestServiceServerResetTestExecutionListener, org.springframework.boot.test.autoconfigure.web.servlet.MockMvcPrintOnlyOnFailureTestExecutionListener, org.springframework.boot.test.autoconfigure.web.servlet.WebDriverTestExecutionListener, org.springframework.test.context.web.ServletTestExecutionListener, org.springframework.test.context.support.DirtiesContextBeforeModesTestExecutionListener, org.springframework.test.context.support.DependencyInjectionTestExecutionListener, org.springframework.test.context.support.DirtiesContextTestExecutionListener, org.springframework.test.context.transaction.TransactionalTestExecutionListener, org.springframework.test.context.jdbc.SqlScriptsTestExecutionListener, org.springframework.test.context.event.EventPublishingTestExecutionListener]
2020-02-23 15:24:49.345  INFO 1820 --- [main] .b.t.c.SpringBootTestContextBootstrapper : Using TestExecutionListeners: [org.springframework.test.context.web.ServletTestExecutionListener@3ba46845, org.springframework.test.context.support.DirtiesContextBeforeModesTestExecutionListener@40a28bda, org.springframework.boot.test.mock.mockito.MockitoTestExecutionListener@592cb470, org.springframework.boot.test.autoconfigure.SpringBootDependencyInjectionTestExecutionListener@1e6cb932, org.springframework.test.context.support.DirtiesContextTestExecutionListener@6921cfa, org.springframework.test.context.transaction.TransactionalTestExecutionListener@523abba9, org.springframework.test.context.jdbc.SqlScriptsTestExecutionListener@6e090aaa, org.springframework.test.context.event.EventPublishingTestExecutionListener@15d79b70, org.springframework.boot.test.mock.mockito.ResetMocksTestExecutionListener@33430fc, org.springframework.boot.test.autoconfigure.restdocs.RestDocsTestExecutionListener@45424c0, org.springframework.boot.test.autoconfigure.web.client.MockRestServiceServerResetTestExecutionListener@22ae32ba, org.springframework.boot.test.autoconfigure.web.servlet.MockMvcPrintOnlyOnFailureTestExecutionListener@b8b2184, org.springframework.boot.test.autoconfigure.web.servlet.WebDriverTestExecutionListener@299a43d9]
2020-02-23 15:24:49.860  INFO 1820 --- [SpringContextShutdownHook] o.s.a.r.l.SimpleMessageListenerContainer : Waiting for workers to finish.
2020-02-23 15:24:50.324  INFO 1820 --- [SpringContextShutdownHook] o.s.a.r.l.SimpleMessageListenerContainer : Successfully waited for workers to finish.
2020-02-23 15:24:50.335  INFO 1820 --- [SpringContextShutdownHook] o.s.s.concurrent.ThreadPoolTaskExecutor  : Shutting down ExecutorService 'applicationTaskExecutor'
2020-02-23 15:24:50.337  INFO 1820 --- [SpringContextShutdownHook] o.s.a.r.l.SimpleMessageListenerContainer : Shutdown ignored - container is not active already
2020-02-23 15:24:50.356  INFO 1820 --- [SpringContextShutdownHook] j.LocalContainerEntityManagerFactoryBean : Closing JPA EntityManagerFactory for persistence unit 'default'
2020-02-23 15:24:50.358  INFO 1820 --- [SpringContextShutdownHook] .SchemaDropperImpl$DelayedDropActionImpl : HHH000477: Starting delayed evictData of schema as part of SessionFactory shut-down'
2020-02-23 15:24:50.368  INFO 1820 --- [SpringContextShutdownHook] com.zaxxer.hikari.HikariDataSource       : HikariPool-1 - Shutdown initiated...
2020-02-23 15:24:50.372  INFO 1820 --- [SpringContextShutdownHook] com.zaxxer.hikari.HikariDataSource       : HikariPool-1 - Shutdown completed.
2020-02-23 15:25:06.951  INFO 15128 --- [main] c.d.m.server.ServerApplication           : Starting ServerApplication on DESKTOP-HNC4NO4 with PID 15128 (C:\workspace\fexco\fexco-multiprotocol-api-demo\server\target\classes started by ignac in C:\workspace\fexco\fexco-multiprotocol-api-demo\server)
2020-02-23 15:25:06.957  INFO 15128 --- [main] c.d.m.server.ServerApplication           : No active profile set, falling back to default profiles: default
2020-02-23 15:25:07.945  INFO 15128 --- [main] .s.d.r.c.RepositoryConfigurationDelegate : Bootstrapping Spring Data JPA repositories in DEFAULT mode.
2020-02-23 15:25:08.061  INFO 15128 --- [main] .s.d.r.c.RepositoryConfigurationDelegate : Finished Spring Data repository scanning in 100ms. Found 1 JPA repository interfaces.
2020-02-23 15:25:08.569  INFO 15128 --- [main] trationDelegate$BeanPostProcessorChecker : Bean 'org.springframework.transaction.annotation.ProxyTransactionManagementConfiguration' of type [org.springframework.transaction.annotation.ProxyTransactionManagementConfiguration] is not eligible for getting processed by all BeanPostProcessors (for example: not eligible for auto-proxying)
2020-02-23 15:25:09.257  INFO 15128 --- [main] o.s.b.w.embedded.tomcat.TomcatWebServer  : Tomcat initialized with port(s): 8080 (http)
2020-02-23 15:25:09.278  INFO 15128 --- [main] o.apache.catalina.core.StandardService   : Starting service [Tomcat]
2020-02-23 15:25:09.279  INFO 15128 --- [main] org.apache.catalina.core.StandardEngine  : Starting Servlet engine: [Apache Tomcat/9.0.30]
2020-02-23 15:25:09.443  INFO 15128 --- [main] o.a.c.c.C.[Tomcat].[localhost].[/]       : Initializing Spring embedded WebApplicationContext
2020-02-23 15:25:09.443  INFO 15128 --- [main] o.s.web.context.ContextLoader            : Root WebApplicationContext: initialization completed in 2425 ms
2020-02-23 15:25:09.663  INFO 15128 --- [main] com.zaxxer.hikari.HikariDataSource       : HikariPool-1 - Starting...
2020-02-23 15:25:09.943  INFO 15128 --- [main] com.zaxxer.hikari.HikariDataSource       : HikariPool-1 - Start completed.
2020-02-23 15:25:10.023  INFO 15128 --- [main] o.hibernate.jpa.internal.util.LogHelper  : HHH000204: Processing PersistenceUnitInfo [name: default]
2020-02-23 15:25:10.133  INFO 15128 --- [main] org.hibernate.Version                    : HHH000412: Hibernate Core {5.4.10.Final}
2020-02-23 15:25:10.334  INFO 15128 --- [main] o.hibernate.annotations.common.Version   : HCANN000001: Hibernate Commons Annotations {5.1.0.Final}
2020-02-23 15:25:10.508  INFO 15128 --- [main] org.hibernate.dialect.Dialect            : HHH000400: Using dialect: org.hibernate.dialect.H2Dialect
2020-02-23 15:25:11.620  INFO 15128 --- [main] o.h.e.t.j.p.i.JtaPlatformInitiator       : HHH000490: Using JtaPlatform implementation: [org.hibernate.engine.transaction.jta.platform.internal.NoJtaPlatform]
2020-02-23 15:25:11.633  INFO 15128 --- [main] j.LocalContainerEntityManagerFactoryBean : Initialized JPA EntityManagerFactory for persistence unit 'default'
2020-02-23 15:25:12.153  WARN 15128 --- [main] JpaBaseConfiguration$JpaWebConfiguration : spring.jpa.open-in-view is enabled by default. Therefore, database queries may be performed during view rendering. Explicitly configure spring.jpa.open-in-view to disable this warning
2020-02-23 15:25:12.328  INFO 15128 --- [main] o.s.s.concurrent.ThreadPoolTaskExecutor  : Initializing ExecutorService 'applicationTaskExecutor'
2020-02-23 15:25:12.726  INFO 15128 --- [main] o.s.a.r.c.CachingConnectionFactory       : Attempting to connect to: [localhost:5672]
2020-02-23 15:25:12.803  INFO 15128 --- [main] o.s.a.r.c.CachingConnectionFactory       : Created new connection: rabbitConnectionFactory#4d16975b:0/SimpleConnection@7b92ea9d [delegate=amqp://guest@127.0.0.1:5672/, localPort= 59890]
2020-02-23 15:25:12.809  INFO 15128 --- [main] o.s.amqp.rabbit.core.RabbitAdmin         : Auto-declaring a non-durable, auto-delete, or exclusive Queue (car-dealer-queue) durable:false, auto-delete:false, exclusive:false. It will be redeclared if the broker stops and is restarted while the connection factory is alive, but all messages will be lost.
2020-02-23 15:25:12.896  INFO 15128 --- [main] o.s.b.w.embedded.tomcat.TomcatWebServer  : Tomcat started on port(s): 8080 (http) with context path ''
2020-02-23 15:25:12.898  INFO 15128 --- [main] c.d.m.server.ServerApplication           : Started ServerApplication in 6.486 seconds (JVM running for 7.245)
2020-02-23 15:25:46.122  INFO 15128 --- [http-nio-8080-exec-1] o.a.c.c.C.[Tomcat].[localhost].[/]       : Initializing Spring DispatcherServlet 'dispatcherServlet'
2020-02-23 15:25:46.122  INFO 15128 --- [http-nio-8080-exec-1] o.s.web.servlet.DispatcherServlet        : Initializing Servlet 'dispatcherServlet'
2020-02-23 15:25:46.130  INFO 15128 --- [http-nio-8080-exec-1] o.s.web.servlet.DispatcherServlet        : Completed initialization in 8 ms
2020-02-23 15:44:25.021  INFO 13556 --- [main] d.m.s.a.a.RabbitAMQPMessageProducerTests : Starting RabbitAMQPMessageProducerTests on DESKTOP-HNC4NO4 with PID 13556 (started by ignac in C:\workspace\fexco\fexco-multiprotocol-api-demo\server)
2020-02-23 15:44:25.022  INFO 13556 --- [main] d.m.s.a.a.RabbitAMQPMessageProducerTests : No active profile set, falling back to default profiles: default
2020-02-23 15:44:25.707  INFO 13556 --- [main] .s.d.r.c.RepositoryConfigurationDelegate : Bootstrapping Spring Data JPA repositories in DEFAULT mode.
2020-02-23 15:44:25.783  INFO 13556 --- [main] .s.d.r.c.RepositoryConfigurationDelegate : Finished Spring Data repository scanning in 66ms. Found 1 JPA repository interfaces.
2020-02-23 15:44:26.160  INFO 13556 --- [main] trationDelegate$BeanPostProcessorChecker : Bean 'org.springframework.transaction.annotation.ProxyTransactionManagementConfiguration' of type [org.springframework.transaction.annotation.ProxyTransactionManagementConfiguration] is not eligible for getting processed by all BeanPostProcessors (for example: not eligible for auto-proxying)
2020-02-23 15:44:26.426  INFO 13556 --- [main] o.hibernate.jpa.internal.util.LogHelper  : HHH000204: Processing PersistenceUnitInfo [name: default]
2020-02-23 15:44:26.515  INFO 13556 --- [main] org.hibernate.Version                    : HHH000412: Hibernate Core {5.4.10.Final}
2020-02-23 15:44:26.662  INFO 13556 --- [main] o.hibernate.annotations.common.Version   : HCANN000001: Hibernate Commons Annotations {5.1.0.Final}
2020-02-23 15:44:27.067  INFO 13556 --- [main] com.zaxxer.hikari.HikariDataSource       : HikariPool-1 - Starting...
2020-02-23 15:44:27.257  INFO 13556 --- [main] com.zaxxer.hikari.HikariDataSource       : HikariPool-1 - Start completed.
2020-02-23 15:44:27.279  INFO 13556 --- [main] org.hibernate.dialect.Dialect            : HHH000400: Using dialect: org.hibernate.dialect.H2Dialect
2020-02-23 15:44:28.020  INFO 13556 --- [main] o.h.e.t.j.p.i.JtaPlatformInitiator       : HHH000490: Using JtaPlatform implementation: [org.hibernate.engine.transaction.jta.platform.internal.NoJtaPlatform]
2020-02-23 15:44:28.027  INFO 13556 --- [main] j.LocalContainerEntityManagerFactoryBean : Initialized JPA EntityManagerFactory for persistence unit 'default'
2020-02-23 15:44:28.748  WARN 13556 --- [main] JpaBaseConfiguration$JpaWebConfiguration : spring.jpa.open-in-view is enabled by default. Therefore, database queries may be performed during view rendering. Explicitly configure spring.jpa.open-in-view to disable this warning
2020-02-23 15:44:29.026  INFO 13556 --- [main] o.s.s.concurrent.ThreadPoolTaskExecutor  : Initializing ExecutorService 'applicationTaskExecutor'
2020-02-23 15:44:29.602  INFO 13556 --- [main] o.s.a.r.c.CachingConnectionFactory       : Attempting to connect to: [localhost:5672]
2020-02-23 15:44:29.665  INFO 13556 --- [main] o.s.a.r.c.CachingConnectionFactory       : Created new connection: rabbitConnectionFactory#71b97eeb:0/SimpleConnection@152e7703 [delegate=amqp://guest@127.0.0.1:5672/, localPort= 60621]
2020-02-23 15:44:29.671  INFO 13556 --- [main] o.s.amqp.rabbit.core.RabbitAdmin         : Auto-declaring a non-durable, auto-delete, or exclusive Queue (car-dealer-queue) durable:false, auto-delete:false, exclusive:false. It will be redeclared if the broker stops and is restarted while the connection factory is alive, but all messages will be lost.
2020-02-23 15:44:29.719  INFO 13556 --- [main] d.m.s.a.a.RabbitAMQPMessageProducerTests : Started RabbitAMQPMessageProducerTests in 4.966 seconds (JVM running for 5.897)
2020-02-23 15:44:29.802  INFO 13556 --- [main] c.d.m.server.api.amqp.Publisher          : Sending message: Test message Sun Feb 23 15:44:29 CET 2020
2020-02-23 15:44:30.278  INFO 13556 --- [container-1] c.d.m.server.api.amqp.Receiver           : Received the message: <Test message Sun Feb 23 15:44:29 CET 2020>
2020-02-23 15:44:30.293  INFO 13556 --- [main] .b.t.c.SpringBootTestContextBootstrapper : Neither @ContextConfiguration nor @ContextHierarchy found for test class [com.demo.multiprotocol.server.service.CarServiceTests], using SpringBootContextLoader
2020-02-23 15:44:30.294  INFO 13556 --- [main] o.s.t.c.support.AbstractContextLoader    : Could not detect default resource locations for test class [com.demo.multiprotocol.server.service.CarServiceTests]: no resource found for suffixes {-context.xml, Context.groovy}.
2020-02-23 15:44:30.294  INFO 13556 --- [main] t.c.s.AnnotationConfigContextLoaderUtils : Could not detect default configuration classes for test class [com.demo.multiprotocol.server.service.CarServiceTests]: CarServiceTests does not declare any static, non-private, non-final, nested classes annotated with @Configuration.
2020-02-23 15:44:30.306  INFO 13556 --- [main] .b.t.c.SpringBootTestContextBootstrapper : Found @SpringBootConfiguration com.demo.multiprotocol.server.ServerApplication for test class com.demo.multiprotocol.server.service.CarServiceTests
2020-02-23 15:44:30.309  INFO 13556 --- [main] .b.t.c.SpringBootTestContextBootstrapper : Loaded default TestExecutionListener class names from location [META-INF/spring.factories]: [org.springframework.boot.test.mock.mockito.MockitoTestExecutionListener, org.springframework.boot.test.mock.mockito.ResetMocksTestExecutionListener, org.springframework.boot.test.autoconfigure.restdocs.RestDocsTestExecutionListener, org.springframework.boot.test.autoconfigure.web.client.MockRestServiceServerResetTestExecutionListener, org.springframework.boot.test.autoconfigure.web.servlet.MockMvcPrintOnlyOnFailureTestExecutionListener, org.springframework.boot.test.autoconfigure.web.servlet.WebDriverTestExecutionListener, org.springframework.test.context.web.ServletTestExecutionListener, org.springframework.test.context.support.DirtiesContextBeforeModesTestExecutionListener, org.springframework.test.context.support.DependencyInjectionTestExecutionListener, org.springframework.test.context.support.DirtiesContextTestExecutionListener, org.springframework.test.context.transaction.TransactionalTestExecutionListener, org.springframework.test.context.jdbc.SqlScriptsTestExecutionListener, org.springframework.test.context.event.EventPublishingTestExecutionListener]
2020-02-23 15:44:30.309  INFO 13556 --- [main] .b.t.c.SpringBootTestContextBootstrapper : Using TestExecutionListeners: [org.springframework.test.context.web.ServletTestExecutionListener@6c66ddab, org.springframework.test.context.support.DirtiesContextBeforeModesTestExecutionListener@603f4e3e, org.springframework.boot.test.mock.mockito.MockitoTestExecutionListener@45fb2354, org.springframework.boot.test.autoconfigure.SpringBootDependencyInjectionTestExecutionListener@3c7d8a4, org.springframework.test.context.support.DirtiesContextTestExecutionListener@5996d6f2, org.springframework.test.context.transaction.TransactionalTestExecutionListener@43423d40, org.springframework.test.context.jdbc.SqlScriptsTestExecutionListener@5f3f57ff, org.springframework.test.context.event.EventPublishingTestExecutionListener@6200b644, org.springframework.boot.test.mock.mockito.ResetMocksTestExecutionListener@d4ecdb0, org.springframework.boot.test.autoconfigure.restdocs.RestDocsTestExecutionListener@5fb44964, org.springframework.boot.test.autoconfigure.web.client.MockRestServiceServerResetTestExecutionListener@7a117dc2, org.springframework.boot.test.autoconfigure.web.servlet.MockMvcPrintOnlyOnFailureTestExecutionListener@1d444652, org.springframework.boot.test.autoconfigure.web.servlet.WebDriverTestExecutionListener@669c2b07]
2020-02-23 15:44:30.840  INFO 13556 --- [SpringContextShutdownHook] o.s.a.r.l.SimpleMessageListenerContainer : Waiting for workers to finish.
2020-02-23 15:44:31.286  INFO 13556 --- [SpringContextShutdownHook] o.s.a.r.l.SimpleMessageListenerContainer : Successfully waited for workers to finish.
2020-02-23 15:44:31.295  INFO 13556 --- [SpringContextShutdownHook] o.s.s.concurrent.ThreadPoolTaskExecutor  : Shutting down ExecutorService 'applicationTaskExecutor'
2020-02-23 15:44:31.296  INFO 13556 --- [SpringContextShutdownHook] o.s.a.r.l.SimpleMessageListenerContainer : Shutdown ignored - container is not active already
2020-02-23 15:44:31.307  INFO 13556 --- [SpringContextShutdownHook] j.LocalContainerEntityManagerFactoryBean : Closing JPA EntityManagerFactory for persistence unit 'default'
2020-02-23 15:44:31.308  INFO 13556 --- [SpringContextShutdownHook] .SchemaDropperImpl$DelayedDropActionImpl : HHH000477: Starting delayed evictData of schema as part of SessionFactory shut-down'
2020-02-23 15:44:31.316  INFO 13556 --- [SpringContextShutdownHook] com.zaxxer.hikari.HikariDataSource       : HikariPool-1 - Shutdown initiated...
2020-02-23 15:44:31.319  INFO 13556 --- [SpringContextShutdownHook] com.zaxxer.hikari.HikariDataSource       : HikariPool-1 - Shutdown completed.
2020-02-23 15:45:19.915  INFO 6564 --- [main] c.d.m.server.ServerApplication           : Starting ServerApplication on DESKTOP-HNC4NO4 with PID 6564 (C:\workspace\fexco\fexco-multiprotocol-api-demo\server\target\classes started by ignac in C:\workspace\fexco\fexco-multiprotocol-api-demo\server)
2020-02-23 15:45:19.919  INFO 6564 --- [main] c.d.m.server.ServerApplication           : No active profile set, falling back to default profiles: default
2020-02-23 15:45:20.902  INFO 6564 --- [main] .s.d.r.c.RepositoryConfigurationDelegate : Bootstrapping Spring Data JPA repositories in DEFAULT mode.
2020-02-23 15:45:20.997  INFO 6564 --- [main] .s.d.r.c.RepositoryConfigurationDelegate : Finished Spring Data repository scanning in 80ms. Found 1 JPA repository interfaces.
2020-02-23 15:45:21.482  INFO 6564 --- [main] trationDelegate$BeanPostProcessorChecker : Bean 'org.springframework.transaction.annotation.ProxyTransactionManagementConfiguration' of type [org.springframework.transaction.annotation.ProxyTransactionManagementConfiguration] is not eligible for getting processed by all BeanPostProcessors (for example: not eligible for auto-proxying)
2020-02-23 15:45:22.093  INFO 6564 --- [main] o.s.b.w.embedded.tomcat.TomcatWebServer  : Tomcat initialized with port(s): 8080 (http)
2020-02-23 15:45:22.107  INFO 6564 --- [main] o.apache.catalina.core.StandardService   : Starting service [Tomcat]
2020-02-23 15:45:22.107  INFO 6564 --- [main] org.apache.catalina.core.StandardEngine  : Starting Servlet engine: [Apache Tomcat/9.0.30]
2020-02-23 15:45:22.246  INFO 6564 --- [main] o.a.c.c.C.[Tomcat].[localhost].[/]       : Initializing Spring embedded WebApplicationContext
2020-02-23 15:45:22.246  INFO 6564 --- [main] o.s.web.context.ContextLoader            : Root WebApplicationContext: initialization completed in 2264 ms
2020-02-23 15:45:22.448  INFO 6564 --- [main] com.zaxxer.hikari.HikariDataSource       : HikariPool-1 - Starting...
2020-02-23 15:45:22.687  INFO 6564 --- [main] com.zaxxer.hikari.HikariDataSource       : HikariPool-1 - Start completed.
2020-02-23 15:45:22.752  INFO 6564 --- [main] o.hibernate.jpa.internal.util.LogHelper  : HHH000204: Processing PersistenceUnitInfo [name: default]
2020-02-23 15:45:22.847  INFO 6564 --- [main] org.hibernate.Version                    : HHH000412: Hibernate Core {5.4.10.Final}
2020-02-23 15:45:23.030  INFO 6564 --- [main] o.hibernate.annotations.common.Version   : HCANN000001: Hibernate Commons Annotations {5.1.0.Final}
2020-02-23 15:45:23.172  INFO 6564 --- [main] org.hibernate.dialect.Dialect            : HHH000400: Using dialect: org.hibernate.dialect.H2Dialect
2020-02-23 15:45:24.012  INFO 6564 --- [main] o.h.e.t.j.p.i.JtaPlatformInitiator       : HHH000490: Using JtaPlatform implementation: [org.hibernate.engine.transaction.jta.platform.internal.NoJtaPlatform]
2020-02-23 15:45:24.021  INFO 6564 --- [main] j.LocalContainerEntityManagerFactoryBean : Initialized JPA EntityManagerFactory for persistence unit 'default'
2020-02-23 15:45:24.543  WARN 6564 --- [main] JpaBaseConfiguration$JpaWebConfiguration : spring.jpa.open-in-view is enabled by default. Therefore, database queries may be performed during view rendering. Explicitly configure spring.jpa.open-in-view to disable this warning
2020-02-23 15:45:24.672  INFO 6564 --- [main] o.s.s.concurrent.ThreadPoolTaskExecutor  : Initializing ExecutorService 'applicationTaskExecutor'
2020-02-23 15:45:25.070  INFO 6564 --- [main] o.s.a.r.c.CachingConnectionFactory       : Attempting to connect to: [localhost:5672]
2020-02-23 15:45:25.152  INFO 6564 --- [main] o.s.a.r.c.CachingConnectionFactory       : Created new connection: rabbitConnectionFactory#3b8d2abe:0/SimpleConnection@51c4992e [delegate=amqp://guest@127.0.0.1:5672/, localPort= 60668]
2020-02-23 15:45:25.158  INFO 6564 --- [main] o.s.amqp.rabbit.core.RabbitAdmin         : Auto-declaring a non-durable, auto-delete, or exclusive Queue (car-dealer-queue) durable:false, auto-delete:false, exclusive:false. It will be redeclared if the broker stops and is restarted while the connection factory is alive, but all messages will be lost.
2020-02-23 15:45:25.266  INFO 6564 --- [main] o.s.b.w.embedded.tomcat.TomcatWebServer  : Tomcat started on port(s): 8080 (http) with context path ''
2020-02-23 15:45:25.269  INFO 6564 --- [main] c.d.m.server.ServerApplication           : Started ServerApplication in 5.878 seconds (JVM running for 6.626)
2020-02-23 15:51:52.640  INFO 6564 --- [http-nio-8080-exec-2] o.a.c.c.C.[Tomcat].[localhost].[/]       : Initializing Spring DispatcherServlet 'dispatcherServlet'
2020-02-23 15:51:52.640  INFO 6564 --- [http-nio-8080-exec-2] o.s.web.servlet.DispatcherServlet        : Initializing Servlet 'dispatcherServlet'
2020-02-23 15:51:52.650  INFO 6564 --- [http-nio-8080-exec-2] o.s.web.servlet.DispatcherServlet        : Completed initialization in 10 ms
2020-02-23 15:52:35.469  INFO 6564 --- [http-nio-8080-exec-3] c.d.m.server.api.amqp.Publisher          : Sending message: New supercar in stock! Our Sevilla dealer has received a new Lamborghini model1 in color Rouge with a price of 1234.0 euros
2020-02-23 15:52:35.489  INFO 6564 --- [container-1] c.d.m.server.api.amqp.Receiver           : Received the message: <New supercar in stock! Our Sevilla dealer has received a new Lamborghini model1 in color Rouge with a price of 1234.0 euros>
2020-02-23 15:53:15.365  INFO 6564 --- [http-nio-8080-exec-4] c.d.m.server.api.amqp.Publisher          : Sending message: New supercar in stock! Our Madrid dealer has received a new Rolls Royce phantom in color Green with a price of 123422.0 euros
2020-02-23 15:53:15.367  INFO 6564 --- [container-1] c.d.m.server.api.amqp.Receiver           : Received the message: <New supercar in stock! Our Madrid dealer has received a new Rolls Royce phantom in color Green with a price of 123422.0 euros>
